<?xml version="1.0" encoding="UTF-8"?>
<!-- Generated by org.testng.reporters.JUnitReportReporter -->
<testsuite hostname="LAPTOP-DSBTRNM3" failures="0" tests="1" name="com.hexaware.Maverics_automation.Testng" time="0.014" errors="0" timestamp="2022-09-02T11:39:20 IST" skipped="0">
  <testcase classname="com.hexaware.Maverics_automation.Testng" name="Testcase" time="0.014"/>
  <system-out/>
</testsuite> <!-- com.hexaware.Maverics_automation.Testng -->
